

Started GET "/" for ::1 at 2016-07-25 14:34:24 -0400
Processing by WelcomeController#index as HTML
  Rendered text template (0.0ms)
Completed 200 OK in 17ms (Views: 8.3ms | ActiveRecord: 0.0ms)


Started GET "/" for ::1 at 2016-07-25 14:34:40 -0400
Processing by WelcomeController#index as HTML
  Rendered text template (0.0ms)
Completed 200 OK in 1ms (Views: 0.5ms | ActiveRecord: 0.0ms)


Started GET "/" for ::1 at 2016-07-25 14:34:42 -0400
Processing by WelcomeController#index as HTML
  Rendered text template (0.0ms)
Completed 200 OK in 1ms (Views: 0.4ms | ActiveRecord: 0.0ms)


Started GET "/name" for ::1 at 2016-07-25 14:36:38 -0400

AbstractController::ActionNotFound - The action 'name' could not be found for WelcomeController:
  actionpack (4.2.7) lib/abstract_controller/base.rb:132:in `process'
  actionview (4.2.7) lib/action_view/rendering.rb:30:in `process'
  actionpack (4.2.7) lib/action_controller/metal.rb:196:in `dispatch'
  actionpack (4.2.7) lib/action_controller/metal/rack_delegation.rb:13:in `dispatch'
  actionpack (4.2.7) lib/action_controller/metal.rb:237:in `block in action'
  actionpack (4.2.7) lib/action_dispatch/routing/route_set.rb:74:in `dispatch'
  actionpack (4.2.7) lib/action_dispatch/routing/route_set.rb:43:in `serve'
  actionpack (4.2.7) lib/action_dispatch/journey/router.rb:43:in `block in serve'
  actionpack (4.2.7) lib/action_dispatch/journey/router.rb:30:in `serve'
  actionpack (4.2.7) lib/action_dispatch/routing/route_set.rb:817:in `call'
  rack (1.6.4) lib/rack/etag.rb:24:in `call'
  rack (1.6.4) lib/rack/conditionalget.rb:25:in `call'
  rack (1.6.4) lib/rack/head.rb:13:in `call'
  actionpack (4.2.7) lib/action_dispatch/middleware/params_parser.rb:27:in `call'
  actionpack (4.2.7) lib/action_dispatch/middleware/flash.rb:260:in `call'
  rack (1.6.4) lib/rack/session/abstract/id.rb:225:in `context'
  rack (1.6.4) lib/rack/session/abstract/id.rb:220:in `call'
  actionpack (4.2.7) lib/action_dispatch/middleware/cookies.rb:560:in `call'
  activerecord (4.2.7) lib/active_record/query_cache.rb:36:in `call'
  activerecord (4.2.7) lib/active_record/connection_adapters/abstract/connection_pool.rb:653:in `call'
  activerecord (4.2.7) lib/active_record/migration.rb:377:in `call'
  actionpack (4.2.7) lib/action_dispatch/middleware/callbacks.rb:29:in `block in call'
  activesupport (4.2.7) lib/active_support/callbacks.rb:88:in `__run_callbacks__'
  activesupport (4.2.7) lib/active_support/callbacks.rb:778:in `_run_call_callbacks'
  activesupport (4.2.7) lib/active_support/callbacks.rb:81:in `run_callbacks'
  actionpack (4.2.7) lib/action_dispatch/middleware/callbacks.rb:27:in `call'
  actionpack (4.2.7) lib/action_dispatch/middleware/reloader.rb:73:in `call'
  actionpack (4.2.7) lib/action_dispatch/middleware/remote_ip.rb:78:in `call'
  better_errors (2.1.1) lib/better_errors/middleware.rb:84:in `protected_app_call'
  better_errors (2.1.1) lib/better_errors/middleware.rb:79:in `better_errors_call'
  better_errors (2.1.1) lib/better_errors/middleware.rb:57:in `call'
  actionpack (4.2.7) lib/action_dispatch/middleware/debug_exceptions.rb:17:in `call'
  web-console (2.3.0) lib/web_console/middleware.rb:28:in `block in call'
  web-console (2.3.0) lib/web_console/middleware.rb:18:in `call'
  actionpack (4.2.7) lib/action_dispatch/middleware/show_exceptions.rb:30:in `call'
  railties (4.2.7) lib/rails/rack/logger.rb:38:in `call_app'
  railties (4.2.7) lib/rails/rack/logger.rb:20:in `block in call'
  activesupport (4.2.7) lib/active_support/tagged_logging.rb:68:in `block in tagged'
  activesupport (4.2.7) lib/active_support/tagged_logging.rb:26:in `tagged'
  activesupport (4.2.7) lib/active_support/tagged_logging.rb:68:in `tagged'
  railties (4.2.7) lib/rails/rack/logger.rb:20:in `call'
  actionpack (4.2.7) lib/action_dispatch/middleware/request_id.rb:21:in `call'
  rack (1.6.4) lib/rack/methodoverride.rb:22:in `call'
  rack (1.6.4) lib/rack/runtime.rb:18:in `call'
  activesupport (4.2.7) lib/active_support/cache/strategy/local_cache_middleware.rb:28:in `call'
  rack (1.6.4) lib/rack/lock.rb:17:in `call'
  actionpack (4.2.7) lib/action_dispatch/middleware/static.rb:120:in `call'
  rack (1.6.4) lib/rack/sendfile.rb:113:in `call'
  railties (4.2.7) lib/rails/engine.rb:518:in `call'
  railties (4.2.7) lib/rails/application.rb:165:in `call'
  rack (1.6.4) lib/rack/lock.rb:17:in `call'
  rack (1.6.4) lib/rack/content_length.rb:15:in `call'
  rack (1.6.4) lib/rack/handler/webrick.rb:88:in `service'
  /Users/tonyun/.rbenv/versions/2.3.1/lib/ruby/2.3.0/webrick/httpserver.rb:140:in `service'
  /Users/tonyun/.rbenv/versions/2.3.1/lib/ruby/2.3.0/webrick/httpserver.rb:96:in `run'
  /Users/tonyun/.rbenv/versions/2.3.1/lib/ruby/2.3.0/webrick/server.rb:296:in `block in start_thread'



Started POST "/__better_errors/57a634738a7dd11a/variables" for ::1 at 2016-07-25 14:36:38 -0400


Started GET "/:name" for ::1 at 2016-07-25 14:36:53 -0400

AbstractController::ActionNotFound - The action 'name' could not be found for WelcomeController:
  actionpack (4.2.7) lib/abstract_controller/base.rb:132:in `process'
  actionview (4.2.7) lib/action_view/rendering.rb:30:in `process'
  actionpack (4.2.7) lib/action_controller/metal.rb:196:in `dispatch'
  actionpack (4.2.7) lib/action_controller/metal/rack_delegation.rb:13:in `dispatch'
  actionpack (4.2.7) lib/action_controller/metal.rb:237:in `block in action'
  actionpack (4.2.7) lib/action_dispatch/routing/route_set.rb:74:in `dispatch'
  actionpack (4.2.7) lib/action_dispatch/routing/route_set.rb:43:in `serve'
  actionpack (4.2.7) lib/action_dispatch/journey/router.rb:43:in `block in serve'
  actionpack (4.2.7) lib/action_dispatch/journey/router.rb:30:in `serve'
  actionpack (4.2.7) lib/action_dispatch/routing/route_set.rb:817:in `call'
  rack (1.6.4) lib/rack/etag.rb:24:in `call'
  rack (1.6.4) lib/rack/conditionalget.rb:25:in `call'
  rack (1.6.4) lib/rack/head.rb:13:in `call'
  actionpack (4.2.7) lib/action_dispatch/middleware/params_parser.rb:27:in `call'
  actionpack (4.2.7) lib/action_dispatch/middleware/flash.rb:260:in `call'
  rack (1.6.4) lib/rack/session/abstract/id.rb:225:in `context'
  rack (1.6.4) lib/rack/session/abstract/id.rb:220:in `call'
  actionpack (4.2.7) lib/action_dispatch/middleware/cookies.rb:560:in `call'
  activerecord (4.2.7) lib/active_record/query_cache.rb:36:in `call'
  activerecord (4.2.7) lib/active_record/connection_adapters/abstract/connection_pool.rb:653:in `call'
  activerecord (4.2.7) lib/active_record/migration.rb:377:in `call'
  actionpack (4.2.7) lib/action_dispatch/middleware/callbacks.rb:29:in `block in call'
  activesupport (4.2.7) lib/active_support/callbacks.rb:88:in `__run_callbacks__'
  activesupport (4.2.7) lib/active_support/callbacks.rb:778:in `_run_call_callbacks'
  activesupport (4.2.7) lib/active_support/callbacks.rb:81:in `run_callbacks'
  actionpack (4.2.7) lib/action_dispatch/middleware/callbacks.rb:27:in `call'
  actionpack (4.2.7) lib/action_dispatch/middleware/reloader.rb:73:in `call'
  actionpack (4.2.7) lib/action_dispatch/middleware/remote_ip.rb:78:in `call'
  better_errors (2.1.1) lib/better_errors/middleware.rb:84:in `protected_app_call'
  better_errors (2.1.1) lib/better_errors/middleware.rb:79:in `better_errors_call'
  better_errors (2.1.1) lib/better_errors/middleware.rb:57:in `call'
  actionpack (4.2.7) lib/action_dispatch/middleware/debug_exceptions.rb:17:in `call'
  web-console (2.3.0) lib/web_console/middleware.rb:28:in `block in call'
  web-console (2.3.0) lib/web_console/middleware.rb:18:in `call'
  actionpack (4.2.7) lib/action_dispatch/middleware/show_exceptions.rb:30:in `call'
  railties (4.2.7) lib/rails/rack/logger.rb:38:in `call_app'
  railties (4.2.7) lib/rails/rack/logger.rb:20:in `block in call'
  activesupport (4.2.7) lib/active_support/tagged_logging.rb:68:in `block in tagged'
  activesupport (4.2.7) lib/active_support/tagged_logging.rb:26:in `tagged'
  activesupport (4.2.7) lib/active_support/tagged_logging.rb:68:in `tagged'
  railties (4.2.7) lib/rails/rack/logger.rb:20:in `call'
  actionpack (4.2.7) lib/action_dispatch/middleware/request_id.rb:21:in `call'
  rack (1.6.4) lib/rack/methodoverride.rb:22:in `call'
  rack (1.6.4) lib/rack/runtime.rb:18:in `call'
  activesupport (4.2.7) lib/active_support/cache/strategy/local_cache_middleware.rb:28:in `call'
  rack (1.6.4) lib/rack/lock.rb:17:in `call'
  actionpack (4.2.7) lib/action_dispatch/middleware/static.rb:120:in `call'
  rack (1.6.4) lib/rack/sendfile.rb:113:in `call'
  railties (4.2.7) lib/rails/engine.rb:518:in `call'
  railties (4.2.7) lib/rails/application.rb:165:in `call'
  rack (1.6.4) lib/rack/lock.rb:17:in `call'
  rack (1.6.4) lib/rack/content_length.rb:15:in `call'
  rack (1.6.4) lib/rack/handler/webrick.rb:88:in `service'
  /Users/tonyun/.rbenv/versions/2.3.1/lib/ruby/2.3.0/webrick/httpserver.rb:140:in `service'
  /Users/tonyun/.rbenv/versions/2.3.1/lib/ruby/2.3.0/webrick/httpserver.rb:96:in `run'
  /Users/tonyun/.rbenv/versions/2.3.1/lib/ruby/2.3.0/webrick/server.rb:296:in `block in start_thread'



Started POST "/__better_errors/bd145141a32e8dc2/variables" for ::1 at 2016-07-25 14:36:53 -0400


Started GET "/:name" for ::1 at 2016-07-25 14:45:21 -0400
Processing by WelcomeController#show as HTML
  Parameters: {"name"=>":name"}
  Rendered text template (0.0ms)
Completed 200 OK in 3ms (Views: 3.0ms | ActiveRecord: 0.0ms)


Started GET "/:name" for ::1 at 2016-07-25 14:45:30 -0400
Processing by WelcomeController#show as HTML
  Parameters: {"name"=>":name"}
  Rendered text template (0.0ms)
Completed 200 OK in 1ms (Views: 0.3ms | ActiveRecord: 0.0ms)


Started GET "/" for ::1 at 2016-07-25 14:45:31 -0400
Processing by WelcomeController#index as HTML
  Rendered text template (0.0ms)
Completed 200 OK in 1ms (Views: 0.3ms | ActiveRecord: 0.0ms)


Started GET "/bob" for ::1 at 2016-07-25 14:45:36 -0400
Processing by WelcomeController#show as HTML
  Parameters: {"name"=>"bob"}
  Rendered text template (0.0ms)
Completed 200 OK in 1ms (Views: 0.3ms | ActiveRecord: 0.0ms)


Started GET "/bob" for ::1 at 2016-07-25 14:45:40 -0400
Processing by WelcomeController#show as HTML
  Parameters: {"name"=>"bob"}
  Rendered text template (0.0ms)
Completed 200 OK in 1ms (Views: 0.3ms | ActiveRecord: 0.0ms)


Started GET "/" for ::1 at 2016-07-25 14:45:40 -0400
Processing by WelcomeController#index as HTML
  Rendered text template (0.0ms)
Completed 200 OK in 1ms (Views: 0.3ms | ActiveRecord: 0.0ms)


Started GET "/tortilla" for ::1 at 2016-07-25 14:45:50 -0400
Processing by WelcomeController#show as HTML
  Parameters: {"name"=>"tortilla"}
  Rendered text template (0.0ms)
Completed 200 OK in 1ms (Views: 0.2ms | ActiveRecord: 0.0ms)


Started GET "/tortilla" for ::1 at 2016-07-25 14:47:01 -0400
Processing by WelcomeController#show as HTML
  Parameters: {"name"=>"tortilla"}
  Rendered text template (0.0ms)
Completed 200 OK in 3ms (Views: 2.2ms | ActiveRecord: 0.0ms)


Started GET "/tortilla" for ::1 at 2016-07-25 14:47:22 -0400
Processing by WelcomeController#show as HTML
  Parameters: {"name"=>"tortilla"}
  Rendered text template (0.0ms)
Completed 200 OK in 1ms (Views: 0.2ms | ActiveRecord: 0.0ms)


Started GET "/" for ::1 at 2016-07-25 14:47:23 -0400
Processing by WelcomeController#index as HTML
  Rendered text template (0.0ms)
Completed 200 OK in 1ms (Views: 0.3ms | ActiveRecord: 0.0ms)


Started GET "/" for ::1 at 2016-07-25 14:47:24 -0400
Processing by WelcomeController#index as HTML
  Rendered text template (0.0ms)
Completed 200 OK in 1ms (Views: 0.4ms | ActiveRecord: 0.0ms)


Started GET "/" for ::1 at 2016-07-25 14:58:04 -0400
Processing by WelcomeController#index as HTML
  Rendered text template (0.0ms)
Completed 200 OK in 3ms (Views: 2.2ms | ActiveRecord: 0.0ms)


Started GET "/" for ::1 at 2016-07-25 14:58:10 -0400
Processing by WelcomeController#index as HTML
  Rendered text template (0.0ms)
Completed 200 OK in 1ms (Views: 0.3ms | ActiveRecord: 0.0ms)


Started GET "/bob" for ::1 at 2016-07-25 14:58:11 -0400
Processing by WelcomeController#show as HTML
  Parameters: {"name"=>"bob"}
  Rendered text template (0.0ms)
Completed 200 OK in 1ms (Views: 0.5ms | ActiveRecord: 0.0ms)


Started GET "/bob" for ::1 at 2016-07-25 14:58:11 -0400
Processing by WelcomeController#show as HTML
  Parameters: {"name"=>"bob"}
  Rendered text template (0.0ms)
Completed 200 OK in 0ms (Views: 0.2ms | ActiveRecord: 0.0ms)


Started GET "/" for ::1 at 2016-07-25 14:58:15 -0400
Processing by WelcomeController#index as HTML
  Rendered text template (0.0ms)
Completed 200 OK in 1ms (Views: 0.2ms | ActiveRecord: 0.0ms)


Started GET "/key" for ::1 at 2016-07-25 14:58:16 -0400
Processing by WelcomeController#show as HTML
  Parameters: {"name"=>"key"}
  Rendered text template (0.0ms)
Completed 200 OK in 1ms (Views: 0.5ms | ActiveRecord: 0.0ms)


Started GET "/key" for ::1 at 2016-07-25 14:58:37 -0400
Processing by WelcomeController#show as HTML
  Parameters: {"name"=>"key"}
  Rendered text template (0.0ms)
Completed 200 OK in 0ms (Views: 0.2ms | ActiveRecord: 0.0ms)


Started GET "/" for ::1 at 2016-07-25 14:58:38 -0400
Processing by WelcomeController#index as HTML
  Rendered text template (0.0ms)
Completed 200 OK in 1ms (Views: 0.3ms | ActiveRecord: 0.0ms)


Started GET "/lists" for ::1 at 2016-07-25 14:58:40 -0400
Processing by WelcomeController#show as HTML
  Parameters: {"name"=>"lists"}
  Rendered text template (0.0ms)
Completed 200 OK in 1ms (Views: 0.3ms | ActiveRecord: 0.0ms)


Started GET "/lorem" for ::1 at 2016-07-25 14:58:41 -0400
Processing by WelcomeController#show as HTML
  Parameters: {"name"=>"lorem"}
  Rendered text template (0.0ms)
Completed 200 OK in 0ms (Views: 0.2ms | ActiveRecord: 0.0ms)


Started GET "/lorem/key" for ::1 at 2016-07-25 14:59:37 -0400
Processing by WelcomeController#lorem as HTML
  Parameters: {"name"=>"key"}
  Rendered text template (0.0ms)
Completed 200 OK in 0ms (Views: 0.2ms | ActiveRecord: 0.0ms)


Started GET "/lorem/key" for ::1 at 2016-07-25 14:59:42 -0400
Processing by WelcomeController#lorem as HTML
  Parameters: {"name"=>"key"}
  Rendered text template (0.0ms)
Completed 200 OK in 1ms (Views: 0.4ms | ActiveRecord: 0.0ms)


Started GET "/lorem/key" for ::1 at 2016-07-25 15:00:18 -0400
Processing by WelcomeController#lorem as HTML
  Rendered text template (0.0ms)
Completed 200 OK in 3ms (Views: 2.6ms | ActiveRecord: 0.0ms)


Started GET "/lorem" for ::1 at 2016-07-25 15:00:37 -0400
Processing by WelcomeController#show as HTML
  Parameters: {"name"=>"lorem"}
  Rendered text template (0.0ms)
Completed 200 OK in 0ms (Views: 0.2ms | ActiveRecord: 0.0ms)


Started GET "/lorem" for ::1 at 2016-07-25 15:00:37 -0400
Processing by WelcomeController#show as HTML
  Parameters: {"name"=>"lorem"}
  Rendered text template (0.0ms)
Completed 200 OK in 1ms (Views: 0.5ms | ActiveRecord: 0.0ms)


Started GET "/lorem" for ::1 at 2016-07-25 15:05:11 -0400
Processing by WelcomeController#show as HTML
  Parameters: {"name"=>"lorem"}
  Rendered text template (0.0ms)
Completed 200 OK in 3ms (Views: 2.3ms | ActiveRecord: 0.0ms)


Started GET "/lorem/key" for ::1 at 2016-07-25 15:05:15 -0400
Processing by WelcomeController#lorem as HTML
  Parameters: {"name"=>"key"}
  Rendered text template (0.0ms)
Completed 200 OK in 0ms (Views: 0.2ms | ActiveRecord: 0.0ms)


Started GET "/lorem/key" for ::1 at 2016-07-25 15:05:27 -0400
Processing by WelcomeController#lorem as HTML
  Parameters: {"name"=>"key"}
  Rendered text template (0.0ms)
Completed 200 OK in 1ms (Views: 0.3ms | ActiveRecord: 0.0ms)


Started GET "/lorem/key" for ::1 at 2016-07-25 15:06:22 -0400
Processing by WelcomeController#lorem as HTML
  Parameters: {"name"=>"key"}
  Rendered text template (0.0ms)
Completed 200 OK in 3ms (Views: 2.5ms | ActiveRecord: 0.0ms)


Started GET "/lorem/:key" for ::1 at 2016-07-25 15:07:00 -0400
Processing by WelcomeController#lorem as HTML
  Parameters: {"name"=>":key"}
  Rendered text template (0.0ms)
Completed 200 OK in 0ms (Views: 0.2ms | ActiveRecord: 0.0ms)


Started GET "/lorem/:key" for ::1 at 2016-07-25 15:07:04 -0400
Processing by WelcomeController#lorem as HTML
  Parameters: {"name"=>":key"}
  Rendered text template (0.0ms)
Completed 200 OK in 1ms (Views: 0.2ms | ActiveRecord: 0.0ms)


Started GET "/lorem/key" for ::1 at 2016-07-25 15:07:04 -0400
Processing by WelcomeController#lorem as HTML
  Parameters: {"name"=>"key"}
  Rendered text template (0.0ms)
Completed 200 OK in 0ms (Views: 0.2ms | ActiveRecord: 0.0ms)


Started GET "/lorem/name" for ::1 at 2016-07-25 15:07:05 -0400
Processing by WelcomeController#lorem as HTML
  Parameters: {"name"=>"name"}
  Rendered text template (0.0ms)
Completed 200 OK in 1ms (Views: 0.3ms | ActiveRecord: 0.0ms)


Started GET "/lorem/:name" for ::1 at 2016-07-25 15:09:29 -0400
Processing by WelcomeController#lorem as HTML
  Parameters: {"name"=>":name"}
  Rendered text template (0.0ms)
Completed 200 OK in 3ms (Views: 2.4ms | ActiveRecord: 0.0ms)


Started GET "/lorem/:name" for ::1 at 2016-07-25 15:09:33 -0400
Processing by WelcomeController#lorem as HTML
  Parameters: {"name"=>":name"}
  Rendered text template (0.0ms)
Completed 200 OK in 1ms (Views: 0.3ms | ActiveRecord: 0.0ms)


Started GET "/lorem/:key" for ::1 at 2016-07-25 15:09:34 -0400
Processing by WelcomeController#lorem as HTML
  Parameters: {"name"=>":key"}
  Rendered text template (0.0ms)
Completed 200 OK in 0ms (Views: 0.2ms | ActiveRecord: 0.0ms)


Started GET "/lorem/:key" for ::1 at 2016-07-25 15:09:34 -0400
Processing by WelcomeController#lorem as HTML
  Parameters: {"name"=>":key"}
  Rendered text template (0.0ms)
Completed 200 OK in 1ms (Views: 0.3ms | ActiveRecord: 0.0ms)


Started GET "/lorem/" for ::1 at 2016-07-25 15:09:38 -0400
Processing by WelcomeController#show as HTML
  Parameters: {"name"=>"lorem"}
  Rendered text template (0.0ms)
Completed 200 OK in 1ms (Views: 0.5ms | ActiveRecord: 0.0ms)


Started GET "/lorem/" for ::1 at 2016-07-25 15:10:09 -0400
Processing by WelcomeController#show as HTML
  Parameters: {"name"=>"lorem"}
  Rendered text template (0.0ms)
Completed 200 OK in 5ms (Views: 4.5ms | ActiveRecord: 0.0ms)


Started GET "/lorem/:name" for ::1 at 2016-07-25 15:10:15 -0400
Processing by WelcomeController#lorem as HTML
  Parameters: {"name"=>":name"}
  Rendered text template (0.0ms)
Completed 200 OK in 0ms (Views: 0.2ms | ActiveRecord: 0.0ms)


Started GET "/lorem/:name" for ::1 at 2016-07-25 15:10:16 -0400
Processing by WelcomeController#lorem as HTML
  Parameters: {"name"=>":name"}
  Rendered text template (0.0ms)
Completed 200 OK in 1ms (Views: 0.3ms | ActiveRecord: 0.0ms)


Started GET "/lorem/:key" for ::1 at 2016-07-25 15:10:20 -0400
Processing by WelcomeController#lorem as HTML
  Parameters: {"name"=>":key"}
  Rendered text template (0.0ms)
Completed 200 OK in 0ms (Views: 0.2ms | ActiveRecord: 0.0ms)


Started GET "/lorem/:key" for ::1 at 2016-07-25 15:10:20 -0400
Processing by WelcomeController#lorem as HTML
  Parameters: {"name"=>":key"}
  Rendered text template (0.0ms)
Completed 200 OK in 1ms (Views: 0.4ms | ActiveRecord: 0.0ms)


Started GET "/lorem/" for ::1 at 2016-07-25 15:10:47 -0400
Processing by WelcomeController#show as HTML
  Parameters: {"name"=>"lorem"}
  Rendered text template (0.0ms)
Completed 200 OK in 0ms (Views: 0.2ms | ActiveRecord: 0.0ms)


Started GET "/lorem/key" for ::1 at 2016-07-25 15:10:47 -0400
Processing by WelcomeController#lorem as HTML
  Parameters: {"name"=>"key"}
  Rendered text template (0.0ms)
Completed 200 OK in 1ms (Views: 0.3ms | ActiveRecord: 0.0ms)


Started GET "/lorem/key" for ::1 at 2016-07-25 15:10:48 -0400
Processing by WelcomeController#lorem as HTML
  Parameters: {"name"=>"key"}
  Rendered text template (0.0ms)
Completed 200 OK in 1ms (Views: 0.6ms | ActiveRecord: 0.0ms)


Started GET "/lorem/key" for ::1 at 2016-07-25 15:11:59 -0400
Processing by WelcomeController#lorem as HTML
  Parameters: {"name"=>"key"}
  Rendered text template (0.0ms)
Completed 200 OK in 3ms (Views: 2.4ms | ActiveRecord: 0.0ms)


Started GET "/lorem/key" for ::1 at 2016-07-25 15:12:08 -0400
Processing by WelcomeController#lorem as HTML
  Parameters: {"name"=>"key"}
  Rendered text template (0.0ms)
Completed 200 OK in 1ms (Views: 0.8ms | ActiveRecord: 0.0ms)


Started GET "/lorem/" for ::1 at 2016-07-25 15:12:11 -0400
Processing by WelcomeController#show as HTML
  Parameters: {"name"=>"lorem"}
  Rendered text template (0.0ms)
Completed 200 OK in 1ms (Views: 0.3ms | ActiveRecord: 0.0ms)


Started GET "/lorem/" for ::1 at 2016-07-25 15:12:12 -0400
Processing by WelcomeController#show as HTML
  Parameters: {"name"=>"lorem"}
  Rendered text template (0.0ms)
Completed 200 OK in 1ms (Views: 0.4ms | ActiveRecord: 0.0ms)


Started GET "/lorem/key" for ::1 at 2016-07-25 15:12:23 -0400
Processing by WelcomeController#lorem as HTML
  Parameters: {"name"=>"key"}
  Rendered text template (0.0ms)
Completed 200 OK in 1ms (Views: 0.2ms | ActiveRecord: 0.0ms)


Started GET "/lorem/key" for ::1 at 2016-07-25 15:12:24 -0400
Processing by WelcomeController#lorem as HTML
  Parameters: {"name"=>"key"}
  Rendered text template (0.0ms)
Completed 200 OK in 1ms (Views: 0.3ms | ActiveRecord: 0.0ms)


Started GET "/lorem/key" for ::1 at 2016-07-25 15:13:31 -0400
Processing by WelcomeController#lorem as HTML
  Parameters: {"name"=>"key"}
  Rendered text template (0.0ms)
Completed 200 OK in 5ms (Views: 4.2ms | ActiveRecord: 0.0ms)


Started GET "/lorem/key" for ::1 at 2016-07-25 15:13:44 -0400
Processing by WelcomeController#lorem as HTML
  Parameters: {"name"=>"key"}
  Rendered text template (0.0ms)
Completed 200 OK in 7ms (Views: 6.7ms | ActiveRecord: 0.0ms)


Started GET "/lorem/key" for ::1 at 2016-07-25 15:14:53 -0400
Processing by WelcomeController#lorem as HTML
  Parameters: {"name"=>"key"}
  Rendered text template (0.0ms)
Completed 200 OK in 3ms (Views: 2.7ms | ActiveRecord: 0.0ms)


Started GET "/lorem/" for ::1 at 2016-07-25 15:16:29 -0400
Processing by WelcomeController#show as HTML
  Parameters: {"name"=>"lorem"}
  Rendered text template (0.0ms)
Completed 200 OK in 3ms (Views: 2.4ms | ActiveRecord: 0.0ms)


Started GET "/lorem/" for ::1 at 2016-07-25 15:16:30 -0400
Processing by WelcomeController#show as HTML
  Parameters: {"name"=>"lorem"}
  Rendered text template (0.0ms)
Completed 200 OK in 1ms (Views: 0.3ms | ActiveRecord: 0.0ms)


Started GET "/lorem/key" for ::1 at 2016-07-25 15:16:34 -0400
Processing by WelcomeController#lorem as HTML
  Parameters: {"name"=>"key"}
  Rendered text template (0.0ms)
Completed 200 OK in 0ms (Views: 0.2ms | ActiveRecord: 0.0ms)


Started GET "/" for ::1 at 2016-07-25 15:16:35 -0400
Processing by WelcomeController#index as HTML
  Rendered text template (0.0ms)
Completed 200 OK in 0ms (Views: 0.2ms | ActiveRecord: 0.0ms)


Started GET "/bob" for ::1 at 2016-07-25 15:16:37 -0400
Processing by WelcomeController#show as HTML
  Parameters: {"name"=>"bob"}
  Rendered text template (0.0ms)
Completed 200 OK in 1ms (Views: 0.3ms | ActiveRecord: 0.0ms)


Started GET "/bobby" for ::1 at 2016-07-25 15:16:39 -0400
Processing by WelcomeController#show as HTML
  Parameters: {"name"=>"bobby"}
  Rendered text template (0.0ms)
Completed 200 OK in 1ms (Views: 0.3ms | ActiveRecord: 0.0ms)


Started GET "/bobby" for ::1 at 2016-07-25 15:17:00 -0400
Processing by WelcomeController#show as HTML
  Parameters: {"name"=>"bobby"}
  Rendered text template (0.0ms)
Completed 200 OK in 3ms (Views: 2.8ms | ActiveRecord: 0.0ms)


Started GET "/bobby" for ::1 at 2016-07-25 15:17:30 -0400
Processing by WelcomeController#show as HTML
  Parameters: {"name"=>"bobby"}
  Rendered text template (0.0ms)
Completed 200 OK in 6ms (Views: 5.7ms | ActiveRecord: 0.0ms)


Started GET "/bobby" for ::1 at 2016-07-25 15:17:34 -0400
Processing by WelcomeController#show as HTML
  Parameters: {"name"=>"bobby"}
  Rendered text template (0.0ms)
Completed 200 OK in 1ms (Views: 0.4ms | ActiveRecord: 0.0ms)


Started GET "/bob" for ::1 at 2016-07-25 15:17:35 -0400
Processing by WelcomeController#show as HTML
  Parameters: {"name"=>"bob"}
  Rendered text template (0.0ms)
Completed 200 OK in 1ms (Views: 0.4ms | ActiveRecord: 0.0ms)


Started GET "/" for ::1 at 2016-07-25 15:17:35 -0400
Processing by WelcomeController#index as HTML
  Rendered text template (0.0ms)
Completed 200 OK in 1ms (Views: 0.3ms | ActiveRecord: 0.0ms)


Started GET "/lorem/key" for ::1 at 2016-07-25 15:17:36 -0400
Processing by WelcomeController#lorem as HTML
  Parameters: {"name"=>"key"}
  Rendered text template (0.0ms)
Completed 200 OK in 1ms (Views: 0.2ms | ActiveRecord: 0.0ms)


Started GET "/lorem/key" for ::1 at 2016-07-25 15:17:38 -0400
Processing by WelcomeController#lorem as HTML
  Parameters: {"name"=>"key"}
  Rendered text template (0.0ms)
Completed 200 OK in 1ms (Views: 0.4ms | ActiveRecord: 0.0ms)


Started GET "/" for ::1 at 2016-07-25 15:47:48 -0400
Processing by WelcomeController#index as HTML
  Rendered text template (0.0ms)
Completed 200 OK in 19ms (Views: 10.9ms | ActiveRecord: 0.0ms)


Started GET "/" for ::1 at 2016-07-25 15:47:51 -0400
Processing by WelcomeController#index as HTML
  Rendered text template (0.0ms)
Completed 200 OK in 1ms (Views: 0.3ms | ActiveRecord: 0.0ms)


Started GET "/" for ::1 at 2016-07-25 15:47:55 -0400
Processing by WelcomeController#index as HTML
  Rendered text template (0.0ms)
Completed 200 OK in 1ms (Views: 0.4ms | ActiveRecord: 0.0ms)


Started GET "/joe" for ::1 at 2016-07-25 15:48:01 -0400
Processing by WelcomeController#show as HTML
  Parameters: {"name"=>"joe"}
  Rendered text template (0.0ms)
Completed 200 OK in 1ms (Views: 0.3ms | ActiveRecord: 0.0ms)


Started GET "/joe" for ::1 at 2016-07-25 16:04:35 -0400
Processing by WelcomeController#show as HTML
  Parameters: {"name"=>"joe"}
  Rendered text template (0.1ms)
Completed 200 OK in 8ms (Views: 6.4ms | ActiveRecord: 0.0ms)


Started GET "/" for ::1 at 2016-07-25 16:04:37 -0400
Processing by WelcomeController#index as HTML
  Rendered text template (0.0ms)
Completed 200 OK in 1ms (Views: 0.8ms | ActiveRecord: 0.0ms)


Started GET "/lorem/" for ::1 at 2016-07-25 16:04:37 -0400
Processing by WelcomeController#show as HTML
  Parameters: {"name"=>"lorem"}
  Rendered text template (0.0ms)
Completed 200 OK in 1ms (Views: 0.6ms | ActiveRecord: 0.0ms)


Started GET "/lorem/" for ::1 at 2016-07-25 16:04:39 -0400
Processing by WelcomeController#show as HTML
  Parameters: {"name"=>"lorem"}
  Rendered text template (0.0ms)
Completed 200 OK in 1ms (Views: 0.8ms | ActiveRecord: 0.0ms)


Started GET "/lorem/key" for ::1 at 2016-07-25 16:04:47 -0400
Processing by WelcomeController#lorem as HTML
  Parameters: {"name"=>"key"}
  Rendered text template (0.0ms)
Completed 200 OK in 2ms (Views: 1.1ms | ActiveRecord: 0.0ms)


Started GET "/lorem/key" for ::1 at 2016-07-25 16:04:51 -0400
Processing by WelcomeController#lorem as HTML
  Parameters: {"name"=>"key"}
  Rendered text template (0.0ms)
Completed 200 OK in 2ms (Views: 1.2ms | ActiveRecord: 0.0ms)


Started GET "/lorem/gangsta" for ::1 at 2016-07-25 16:04:54 -0400
Processing by WelcomeController#lorem as HTML
  Parameters: {"name"=>"gangsta"}
  Rendered text template (0.0ms)
Completed 200 OK in 1ms (Views: 0.4ms | ActiveRecord: 0.0ms)
